Started by upstream project "[8mha:////4Pp11PHBorRwQNXCAUlu8Vi+v7YthYQwD6vuNbahBzA6AAAAqR+LCAAAAAAAAP9b85aBtbiIQTGjNKU4P08vOT+vOD8nVc83PyU1x6OyILUoJzMv2y+/JJUBAhiZGBgqihhk0NSjKDWzXb3RdlLBUSYGJk8GtpzUvPSSDB8G5tKinBIGIZ+sxLJE/ZzEvHT94JKizLx0a6BxUmjGOUNodHsLgAyxEgYF/az8JP2S/NzkxBJVI4PizJJUIJWbn5dZkg8yUR8AI9TB69UAAAA=[0mtomcat site monitoring" build number [8mha:////4GEqM4hRMOkFKz0rIqDpvGSDCFPRfuWOD4q4eGh5R3Q4AAAAqx+LCAAAAAAAAP9b85aBtbiIQTGjNKU4P08vOT+vOD8nVc83PyU1x6OyILUoJzMv2y+/JJUBAhiZGBgqihhk0NSjKDWzXb3RdlLBUSYGJk8GtpzUvPSSDB8G5tKinBIGIZ+sxLJE/ZzEvHT94JKizLx0a6BxUmjGOUNodHsLgAymEgYl/az8JP2S/NzkxBJVI4PizJJUIJWbn5dZkg8yUd/QDABOLWbd1wAAAA==[0m16
originally caused by:
 Started by timer
Running as SYSTEM
Building in workspace /var/jenkins_home/workspace/build app and github monitoring
The recommended git tool is: NONE
No credentials specified
 > git rev-parse --resolve-git-dir /var/jenkins_home/workspace/build app and github monitoring/.git # timeout=10
Fetching changes from the remote Git repository
 > git config remote.origin.url https://github.com/oranmor9/jenkinsEx2.git # timeout=10
Fetching upstream changes from https://github.com/oranmor9/jenkinsEx2.git
 > git --version # timeout=10
 > git --version # 'git version 2.30.2'
 > git fetch --tags --force --progress -- https://github.com/oranmor9/jenkinsEx2.git +refs/heads/*:refs/remotes/origin/* # timeout=10
 > git rev-parse refs/remotes/origin/main^{commit} # timeout=10
Checking out Revision 9d64bba090d53eea5b397eab631dc3cdb6581481 (refs/remotes/origin/main)
 > git config core.sparsecheckout # timeout=10
 > git checkout -f 9d64bba090d53eea5b397eab631dc3cdb6581481 # timeout=10
Commit message: "Update Date.jsp"
 > git rev-list --no-walk 9d64bba090d53eea5b397eab631dc3cdb6581481 # timeout=10
[build app and github monitoring] $ /bin/sh -xe /tmp/jenkins8241473394995438475.sh
+ cp -r Date.jsp /home/webapps/ROOT
HttpMethod: GET
URL: http://tomcat:8080/Date.jsp
Sending request to url: http://tomcat:8080/Date.jsp
Response Code: HTTP/1.1 404 
ERROR: Build step failed with exception
hudson.AbortException: Fail: Status code 404 is not in the accepted range: 100:399
	at jenkins.plugins.http_request.HttpRequestExecution.responseCodeIsValid(HttpRequestExecution.java:452)
	at jenkins.plugins.http_request.HttpRequestExecution.processResponse(HttpRequestExecution.java:462)
	at jenkins.plugins.http_request.HttpRequestExecution.authAndRequest(HttpRequestExecution.java:367)
	at jenkins.plugins.http_request.HttpRequestExecution.call(HttpRequestExecution.java:271)
Caused: java.lang.IllegalStateException
	at jenkins.plugins.http_request.HttpRequestExecution.call(HttpRequestExecution.java:274)
	at jenkins.plugins.http_request.HttpRequestExecution.call(HttpRequestExecution.java:80)
	at hudson.remoting.LocalChannel.call(LocalChannel.java:47)
	at jenkins.plugins.http_request.HttpRequest.perform(HttpRequest.java:449)
	at hudson.tasks.BuildStepMonitor$1.perform(BuildStepMonitor.java:20)
	at hudson.model.AbstractBuild$AbstractBuildExecution.perform(AbstractBuild.java:818)
	at hudson.model.Build$BuildExecution.build(Build.java:199)
	at hudson.model.Build$BuildExecution.doRun(Build.java:164)
	at hudson.model.AbstractBuild$AbstractBuildExecution.run(AbstractBuild.java:526)
	at hudson.model.Run.execute(Run.java:1900)
	at hudson.model.FreeStyleBuild.run(FreeStyleBuild.java:44)
	at hudson.model.ResourceController.execute(ResourceController.java:101)
	at hudson.model.Executor.run(Executor.java:442)
Build step 'HTTP Request' marked build as failure
Finished: FAILURE
